proguard/seeds.txt
abc.myexam.CustomFAB
abc.myexam.CustomFAB: CustomFAB(android.content.Context)
abc.myexam.CustomFAB: CustomFAB(android.content.Context,android.util.AttributeSet)
abc.myexam.CustomFAB: CustomFAB(android.content.Context,android.util.AttributeSet,int)
abc.myexam.CustomFAB: void setBgColorPressed(int)
abc.myexam.CustomFAB: void setBgColor(int)
abc.myexam.E_zhuanxiang
abc.myexam.E_zhuanxiang: E_zhuanxiang()
abc.myexam.Edit_exam_table
abc.myexam.Edit_exam_table: Edit_exam_table()
abc.myexam.ExamActivity
abc.myexam.ExamActivity: ExamActivity()
abc.myexam.Exam_add_table
abc.myexam.Exam_add_table: Exam_add_table()
abc.myexam.ExerciseActivity
abc.myexam.ExerciseActivity: ExerciseActivity()
abc.myexam.GetFromWXActivity
abc.myexam.GetFromWXActivity: GetFromWXActivity()
abc.myexam.MainActivity
abc.myexam.MainActivity: MainActivity()
abc.myexam.MainActivity: void onClick(android.view.View)
abc.myexam.Mdf_exam_table
abc.myexam.Mdf_exam_table: Mdf_exam_table()
abc.myexam.Operation_table
abc.myexam.Operation_table: Operation_table()
abc.myexam.OptionActivity
abc.myexam.OptionActivity: OptionActivity()
abc.myexam.R$anim: int dialog_enter_anim
abc.myexam.R$anim: int dialog_exit_anim
abc.myexam.R$anim: int pic_enter_anim_alpha
abc.myexam.R$anim: int push_up_in
abc.myexam.R$array: int send_appdata_item
abc.myexam.R$array: int send_emoji_item
abc.myexam.R$array: int send_emoji_item_format
abc.myexam.R$array: int send_img_item
abc.myexam.R$array: int send_music_item
abc.myexam.R$array: int send_video_item
abc.myexam.R$array: int send_webpage_item
abc.myexam.R$attr: int behindOffset
abc.myexam.R$attr: int behindScrollScale
abc.myexam.R$attr: int behindWidth
abc.myexam.R$attr: int bg_color
abc.myexam.R$attr: int bg_color_pressed
abc.myexam.R$attr: int fadeDegree
abc.myexam.R$attr: int fadeEnabled
abc.myexam.R$attr: int mode
abc.myexam.R$attr: int qqRightPadding
abc.myexam.R$attr: int qqheightPadding
abc.myexam.R$attr: int selectorDrawable
abc.myexam.R$attr: int selectorEnabled
abc.myexam.R$attr: int shadowDrawable
abc.myexam.R$attr: int shadowWidth
abc.myexam.R$attr: int touchModeAbove
abc.myexam.R$attr: int touchModeBehind
abc.myexam.R$attr: int viewAbove
abc.myexam.R$attr: int viewBehind
abc.myexam.R$color: int black
abc.myexam.R$color: int blue
abc.myexam.R$color: int darkgrey
abc.myexam.R$color: int green
abc.myexam.R$color: int grey
abc.myexam.R$color: int lightgrey
abc.myexam.R$color: int lightransparent
abc.myexam.R$color: int mm_actbtn_text
abc.myexam.R$color: int mm_btn_text
abc.myexam.R$color: int mm_choice_text_color
abc.myexam.R$color: int mm_hyper_text
abc.myexam.R$color: int mm_list_textcolor_one
abc.myexam.R$color: int mm_list_textcolor_time
abc.myexam.R$color: int mm_list_textcolor_two
abc.myexam.R$color: int mm_pref_summary
abc.myexam.R$color: int mm_pref_title
abc.myexam.R$color: int mm_style_one_btn_text
abc.myexam.R$color: int mm_style_two_btn_text
abc.myexam.R$color: int mm_title_btn_text
abc.myexam.R$color: int navpage
abc.myexam.R$color: int red
abc.myexam.R$color: int semitransparent
abc.myexam.R$color: int toasterro
abc.myexam.R$color: int transparent
abc.myexam.R$color: int white
abc.myexam.R$dimen: int BasicTextSize
abc.myexam.R$dimen: int ChattingContentMinHeight
abc.myexam.R$dimen: int ChattingTextSize
abc.myexam.R$dimen: int ConversationItemHeight
abc.myexam.R$dimen: int LargeAvatarSize
abc.myexam.R$dimen: int LargeTextSize
abc.myexam.R$dimen: int LargestTextSize
abc.myexam.R$dimen: int PreferenceItemHeight
abc.myexam.R$dimen: int SmallTextSize
abc.myexam.R$dimen: int SmallerTextSize
abc.myexam.R$dimen: int TitleTextSize
abc.myexam.R$dimen: int activity_horizontal_margin
abc.myexam.R$dimen: int list_padding
abc.myexam.R$dimen: int shadow_width
abc.myexam.R$dimen: int slidingmenu_offset
...
com.tencent.mm.sdk.platformtools.Util$2
com.tencent.mm.sdk.platformtools.Util$2: android.view.View bx
com.tencent.mm.sdk.platformtools.Util$2: android.view.View by
com.tencent.mm.sdk.platformtools.Util$2: Util$2(android.view.View,android.view.View)
com.tencent.mm.sdk.platformtools.Util$2: boolean onTouch(android.view.View,android.view.MotionEvent)
com.tencent.mm.sdk.platformtools.package-info
com.tencent.mm.sdk.plugin.IMMPluginAPI
com.tencent.mm.sdk.plugin.IMMPluginAPI: java.lang.String getPluginKey(java.lang.String)
com.tencent.mm.sdk.plugin.IMMPluginAPI: boolean isPluginInstalled(java.lang.String)
com.tencent.mm.sdk.plugin.IMMPluginAPI: boolean installPlugin(java.lang.String)
com.tencent.mm.sdk.plugin.IMMPluginAPI: com.tencent.mm.sdk.plugin.Profile getCurrentProfile(java.lang.String)
com.tencent.mm.sdk.plugin.IMMPluginAPI: void createQRCodeController(java.lang.String)
com.tencent.mm.sdk.plugin.IMMPluginAPI: void createQRCodeController(java.lang.String,com.tencent.mm.sdk.channel.MMessage$CallBack)
com.tencent.mm.sdk.plugin.IMMPluginAPI: void createQRCodeController(java.lang.String,com.tencent.mm.sdk.channel.MMessage$CallBack,java.lang.String)
com.tencent.mm.sdk.plugin.IMMPluginAPI: boolean registerQRCodePattern(java.lang.String,com.tencent.mm.sdk.channel.MMessage$CallBack,java.lang.String)
com.tencent.mm.sdk.plugin.IMMPluginAPI: void jumpToSettingView(java.lang.String,java.lang.String)
com.tencent.mm.sdk.plugin.IMMPluginAPI: void createMsgController(java.lang.String)
com.tencent.mm.sdk.plugin.IMMPluginAPI: boolean registerPattern(java.lang.String,com.tencent.mm.sdk.channel.MMessage$CallBack,java.lang.String)
com.tencent.mm.sdk.plugin.IMMPluginAPI: void jumpToChattingUI(java.lang.String,java.lang.String)
com.tencent.mm.sdk.plugin.IMMPluginAPI: void jumpToBindQQ(java.lang.String)
com.tencent.mm.sdk.plugin.IMMPluginAPI: void jumpToBindMobile(java.lang.String)
com.tencent.mm.sdk.plugin.MMPluginAPIImpl
com.tencent.mm.sdk.plugin.MMPluginAPIImpl: android.content.Context R
com.tencent.mm.sdk.plugin.MMPluginAPIImpl: com.tencent.mm.sdk.channel.MMessage$Receiver bz
com.tencent.mm.sdk.plugin.MMPluginAPIImpl: java.lang.String aE
com.tencent.mm.sdk.plugin.MMPluginAPIImpl: java.lang.String[] columns
com.tencent.mm.sdk.plugin.MMPluginAPIImpl: MMPluginAPIImpl(android.content.Context)
com.tencent.mm.sdk.plugin.MMPluginAPIImpl: void release()
com.tencent.mm.sdk.plugin.MMPluginAPIImpl: java.lang.Object c(java.lang.String)
com.tencent.mm.sdk.plugin.MMPluginAPIImpl: boolean registerAutoMsg(java.lang.String,java.lang.String)
com.tencent.mm.sdk.plugin.MMPluginAPIImpl: boolean unregisterAutoMsg(java.lang.String,java.lang.String)
com.tencent.mm.sdk.plugin.MMPluginAPIImpl: boolean sendMsgNotify(java.lang.String,java.lang.String,int,java.lang.String,java.lang.Class)
com.tencent.mm.sdk.plugin.MMPluginAPIImpl: java.lang.String getPluginKey(java.lang.String)
com.tencent.mm.sdk.plugin.MMPluginAPIImpl: boolean isPluginInstalled(java.lang.String)
com.tencent.mm.sdk.plugin.MMPluginAPIImpl: boolean installPlugin(java.lang.String)
com.tencent.mm.sdk.plugin.MMPluginAPIImpl: void a(java.lang.String,java.lang.String,android.content.Intent)
com.tencent.mm.sdk.plugin.MMPluginAPIImpl: void createQRCodeController(java.lang.String)
com.tencent.mm.sdk.plugin.MMPluginAPIImpl: void createQRCodeController(java.lang.String,com.tencent.mm.sdk.channel.MMessage$CallBack)