proguard/mapping.txt
abc.myexam.CallBack -> abc.myexam.a:
    void SuccessText(java.lang.String) -> a
abc.myexam.CustomFAB -> abc.myexam.CustomFAB:
    android.content.Context ctx -> a
    int bgColor -> b
    int bgColorPressed -> c
    void init(android.util.AttributeSet) -> a
    void setBgColorPressed(int) -> setBgColorPressed
    void setBgColor(int) -> setBgColor
    android.graphics.drawable.Drawable createButton(int) -> a
abc.myexam.CustomFAB$1 -> abc.myexam.b:
    abc.myexam.CustomFAB this$0 -> a
    android.graphics.Shader resize(int,int) -> resize
abc.myexam.DBAdapter -> abc.myexam.c:
    java.lang.String DATABSE_TABLE -> a
    abc.myexam.DBHelper dataBaseHelper -> c
    android.content.Context context -> d
    android.database.sqlite.SQLiteDatabase sqLiteDatabase -> b
    void open() -> a
    void close() -> b
    long DBInsert(android.content.ContentValues) -> a
    int table_del(java.lang.String) -> a
    android.database.Cursor getAllData() -> c
    void update_data(android.content.ContentValues) -> b
    void update_data2(android.content.ContentValues,java.lang.String) -> a
    void update_myjindu(java.lang.String,java.lang.String[]) -> a
    java.lang.String GetName(java.lang.String) -> b
    android.database.Cursor querytestdb(java.lang.String) -> c
    android.database.Cursor querytest_name(java.lang.String) -> d
    int update_name(java.lang.String,android.content.ContentValues) -> a
    android.database.Cursor getdatabytype(java.lang.String) -> e
abc.myexam.DBHelper -> abc.myexam.d:
    java.lang.String DATABSE_TABLE -> a
    void onCreate(android.database.sqlite.SQLiteDatabase) -> onCreate
    void onUpgrade(android.database.sqlite.SQLiteDatabase,int,int) -> onUpgrade
abc.myexam.DBManager -> abc.myexam.e:
    java.lang.String DB_PATH -> a
    java.lang.String DB_NAME -> b
    java.lang.String ASSETS_NAME -> c
    android.database.sqlite.SQLiteDatabase myDataBase -> d
    android.content.Context myContext -> e
    void createDataBase() -> a
    boolean checkDataBase() -> b
    void copyDataBase() -> c
    void close() -> close
    void onCreate(android.database.sqlite.SQLiteDatabase) -> onCreate
    void onUpgrade(android.database.sqlite.SQLiteDatabase,int,int) -> onUpgrade
abc.myexam.E_zhuanxiang -> abc.myexam.E_zhuanxiang:
    int problemLimit -> a
    int problemless -> b
    java.lang.String WAsetFilename -> c
    int curIndex -> d
    java.lang.String myAnswer -> e
    java.lang.String data -> f
    java.util.List myWAset1 -> g
    java.util.List problemTurn1 -> h
    int Option -> i
    int labelProblemID -> j
    int ex_record -> k
    java.lang.String TESTSUBJECT -> l
    java.lang.String TESTANSWER -> m
    java.lang.String ANSWERA -> n
    java.lang.String ANSWERB -> o
    java.lang.String ANSWERC -> p
    java.lang.String ANSWERD -> q
    java.lang.String ANSWERE -> r
    java.lang.String ANSWERF -> s
    java.lang.String IMAGENAME -> t
    int TESTTPYE -> u
    boolean autoCheck -> v
    boolean auto2next -> w
    boolean auto2addWAset -> x
    android.widget.EditText editText -> y
    android.widget.TextView proTextView -> z
    android.widget.ImageButton myfabButton -> A
    android.widget.ImageView imageview -> B
    android.widget.RadioButton radioA -> C
    android.widget.RadioButton radioB -> D
    android.widget.RadioButton radioC -> E
    android.widget.RadioButton radioD -> F
    android.widget.RadioGroup radioGroup -> G
    android.widget.CheckBox CheckBoxA -> H
    android.widget.CheckBox CheckBoxB -> I
    android.widget.CheckBox CheckBoxC -> J
    android.widget.CheckBox CheckBoxD -> K
    android.widget.CheckBox CheckBoxE -> L
    android.widget.CheckBox CheckBoxF -> M
    android.widget.ScrollView myscroll -> N
abc.myexam.E_zhuanxiang$1 -> abc.myexam.f:
    abc.myexam.E_zhuanxiang this$0 -> a
    void onClick(android.view.View) -> onClick
abc.myexam.E_zhuanxiang$10 -> abc.myexam.g:
    abc.myexam.E_zhuanxiang this$0 -> a
    void onClick(android.content.DialogInterface,int) -> onClick
...
com.tencent.mm.sdk.platformtools.InetUtil -> com.tencent.mm.sdk.platformtools.InetUtil:
    java.util.regex.Pattern X -> X
    java.util.regex.Pattern Y -> Y
    java.util.regex.Pattern Z -> Z
    boolean isIPv4Address(java.lang.String) -> isIPv4Address
    boolean isIPv6StdAddress(java.lang.String) -> isIPv6StdAddress
    boolean isIPv6HexCompressedAddress(java.lang.String) -> isIPv6HexCompressedAddress
    boolean isIPv6Address(java.lang.String) -> isIPv6Address
    java.net.InetAddress getByDottedAddress(java.lang.String) -> getByDottedAddress
com.tencent.mm.sdk.platformtools.KVConfig -> com.tencent.mm.sdk.platformtools.KVConfig:
    boolean aa -> aa
    java.util.Map parseIni(java.lang.String) -> parseIni
    java.util.Map parseXml(java.lang.String,java.lang.String,java.lang.String) -> parseXml
    void a(java.util.Map,java.lang.String,org.w3c.dom.Node,int) -> a
    void a(java.util.Map) -> a
com.tencent.mm.sdk.platformtools.LBSManager -> com.tencent.mm.sdk.platformtools.LBSManager:
    java.lang.String FILTER_GPS -> FILTER_GPS
    float INVALID_LAT -> INVALID_LAT
    float INVALID_LNG -> INVALID_LNG
    int INVALID_ACC -> INVALID_ACC
    int MM_SOURCE_HARDWARE -> MM_SOURCE_HARDWARE
    int MM_SOURCE_NET -> MM_SOURCE_NET
    int MM_SOURCE_REPORT_HARWARE -> MM_SOURCE_REPORT_HARWARE
    int MM_SOURCE_REPORT_NETWORK -> MM_SOURCE_REPORT_NETWORK
    com.tencent.mm.sdk.platformtools.LBSManager$LocationCache ab -> ab
    com.tencent.mm.sdk.platformtools.LBSManager$OnLocationGotListener ac -> ac
    android.location.LocationManager ad -> ad
    android.content.Context R -> R
    android.app.PendingIntent ae -> ae
    boolean af -> af
    boolean ag -> ag
    boolean ah -> ah
    boolean ai -> ai
    int aj -> aj
    com.tencent.mm.sdk.platformtools.MTimerHandler ak -> ak
    boolean b() -> b
    void start() -> start
    boolean isGpsEnable() -> isGpsEnable
    boolean isNetworkPrividerEnable() -> isNetworkPrividerEnable
    void removeGpsUpdate() -> removeGpsUpdate
    void requestGpsUpdate() -> requestGpsUpdate
    void removeListener() -> removeListener
    void c() -> c
    java.lang.String getTelLocation() -> getTelLocation
    java.lang.String getWIFILocation() -> getWIFILocation
    void setLocationCache(float,float,int,int) -> setLocationCache
    void onReceive(android.content.Context,android.content.Intent) -> onReceive
com.tencent.mm.sdk.platformtools.LBSManager$1 -> com.tencent.mm.sdk.platformtools.LBSManager$1:
    com.tencent.mm.sdk.platformtools.LBSManager al -> al
    boolean onTimerExpired() -> onTimerExpired
com.tencent.mm.sdk.platformtools.LBSManager$LocationCache -> com.tencent.mm.sdk.platformtools.LBSManager$LocationCache:
    float am -> am
    float an -> an
    int ao -> ao
    long time -> time
    int I -> I
com.tencent.mm.sdk.platformtools.LBSManager$OnLocationGotListener -> com.tencent.mm.sdk.platformtools.LBSManager$OnLocationGotListener:
    void onLocationGot(float,float,int,int,java.lang.String,java.lang.String,boolean) -> onLocationGot
com.tencent.mm.sdk.platformtools.LVBuffer -> com.tencent.mm.sdk.platformtools.LVBuffer:
    int LENGTH_ALLOC_PER_NEW -> LENGTH_ALLOC_PER_NEW
    int MAX_STRING_LENGTH -> MAX_STRING_LENGTH
    java.nio.ByteBuffer ap -> ap
    boolean aq -> aq
    int initParse(byte[]) -> initParse
    int getInt() -> getInt
    long getLong() -> getLong
    java.lang.String getString() -> getString
    boolean checkGetFinish() -> checkGetFinish
    int initBuild() -> initBuild
    int a(int) -> a
    int putInt(int) -> putInt
    int putLong(long) -> putLong
    int putString(java.lang.String) -> putString
    byte[] buildFinish() -> buildFinish