proguard/usage.txt
abc.myexam.BuildConfig
abc.myexam.CommanOperation
abc.myexam.Constants
abc.myexam.Constants$ShowMsgActivity
abc.myexam.ContentFragment
abc.myexam.CustomFAB:
    private static final int RAD
abc.myexam.DBAdapter:
    public static final java.lang.String DATABSE_TABLE2
    public static final java.lang.String TESTID
    public static final java.lang.String TESTSUBJECT
    public static final java.lang.String TESTANSWER
    public static final java.lang.String ANSWERA
    public static final java.lang.String ANSWERB
    public static final java.lang.String ANSWERC
    public static final java.lang.String ANSWERD
    public static final java.lang.String ANSWERE
    public static final java.lang.String ANSWERF
    public static final java.lang.String TESTTIP
    public static final java.lang.String TESTTPYE
    public static final java.lang.String TESTBELONG
    public static final java.lang.String EXPR1
    public static final java.lang.String IMAGENAME
    public static final java.lang.String order_num
    public static final java.lang.String begin_id
    85:87:public void changetable(java.lang.String)
    121:124:public android.database.Cursor getsomedata(java.lang.String)
    129:130:public android.database.Cursor get_order()
    148:148:public boolean insert_data()
    154:160:public java.lang.Boolean havetestdb(java.lang.String)
abc.myexam.DBHelper:
    public static final java.lang.String DATABSE_NAME
    public static final int DATABASE_VERSION
    public static final java.lang.String DATABSE_TABLE2
    21:23:public DBHelper(android.content.Context,java.lang.String,android.database.sqlite.SQLiteDatabase$CursorFactory,int)
    55:56:public void changetable(java.lang.String)
abc.myexam.DBManager:
    private static final int DB_VERSION
    private static final int ASSETS_SUFFIX_BEGIN
    private static final int ASSETS_SUFFIX_END
    112:116:public abc.myexam.DBManager open1()
    146:160:private void copyBigDataBase()
    187:190:public void open()
    193:193:private android.database.sqlite.SQLiteDatabase openOrCreateDatabase(java.lang.String,java.lang.Object)
abc.myexam.E_zhuanxiang:
    public static final java.lang.String label
    int TESTBELONG
    int EXPR1
    865:872:public static void shuffle(java.util.List)
    876:879:public static void exch(java.util.List,int,int)
abc.myexam.ExamActivity:
    public static final int TESTLIMIT
    public int t_limit
    java.lang.String myAnswer
    int TESTBELONG
    int EXPR1
    boolean autoCheck
    boolean auto2next
    boolean auto2addWAset
    android.widget.Chronometer exam_chronometer
abc.myexam.Exam_add_table:
    private static final java.lang.String FIlESUFFIX
    161:170:private void startActivity(java.lang.String)
abc.myexam.ExerciseActivity:
    public static final java.lang.String label
    int TESTBELONG
    int EXPR1
    851:858:public static void shuffle(java.util.List)
abc.myexam.GetFromWXActivity:
    private static final int THUMB_SIZE
abc.myexam.MainActivity:
    private static final java.lang.String TAG
    private android.support.v4.app.Fragment mContent
    public static final int sanjiben_db
    public static final int kjzg_db
    public static final int khjl_db_c
    public static final int khjl_db_p
    public static final int xxxt_db
    public static final int OPTION_ORDER
    public static final int OPTION_RDM
    public static final int OPTION_TEST
    public static final int OPTION_WRONGEXERCISE
    public static final int MODE
    public static final java.lang.String PREFERENCE_NAME
    public static final java.lang.String CONFIG_AUTOCHECK
    public static final java.lang.String CONFIG_AUTO2NEXT
    public static final java.lang.String CONFIG_AUTO2ADDWRONGSET
    public static final java.lang.String CONFIG_SOUND
    public static final java.lang.String CONFIG_CHECKBYRANDOM
    android.app.Dialog dialog
    private abc.myexam.SetClass settablenameClass
    451:466:private void sharedPreferencesInit()
...
jxl.biff.DataValiditySettingsRecord:
    94:97:DataValiditySettingsRecord(jxl.biff.DataValiditySettingsRecord)
    109:120:DataValiditySettingsRecord(jxl.biff.DataValiditySettingsRecord,jxl.biff.formula.ExternalSheet,jxl.biff.WorkbookMethods,jxl.WorkbookSettings)
    129:131:public DataValiditySettingsRecord(jxl.biff.DVParser)
    152:157:public byte[] getData()
    167:173:public void insertRow(int)
    182:188:public void removeRow(int)
    197:203:public void insertColumn(int)
    212:218:public void removeColumn(int)
    296:296:jxl.biff.DVParser getDVParser()
    303:313:public java.lang.String getValidationFormula()
jxl.biff.DoubleHelper:
    31:32:private DoubleHelper()
    76:85:public static void getIEEEBytes(double,byte[],int)
jxl.biff.EmptyCell:
    106:106:public jxl.format.CellFormat getCellFormat()
    115:115:public void setHidden(boolean)
    123:123:public void setLocked(boolean)
    131:131:public void setAlignment(jxl.format.Alignment)
    139:139:public void setVerticalAlignment(jxl.format.VerticalAlignment)
    148:148:public void setBorder(jxl.format.Border,jxl.format.BorderLineStyle)
    156:156:public void setCellFormat(jxl.format.CellFormat)
    165:165:public void setCellFormat(jxl.CellFormat)
    175:175:public boolean isHidden()
    187:187:public jxl.write.WritableCell copyTo(int,int)
    197:197:public jxl.CellFeatures getCellFeatures()
    207:207:public jxl.write.WritableCellFeatures getWritableCellFeatures()
    215:215:public void setCellFeatures(jxl.write.WritableCellFeatures)
jxl.biff.EncodedURLHelper
jxl.biff.FilterModeRecord:
    57:57:public byte[] getData()
jxl.biff.FontRecord:
    private static final int EXCEL_UNITS_PER_POINT
    119:129:protected FontRecord(java.lang.String,int,int,boolean,int,int,int)
    224:237:protected FontRecord(jxl.format.Font)
    246:291:public byte[] getData()
    322:323:public final void uninitialize()
    342:345:protected void setFontPointSize(int)
    354:354:public int getPointSize()
    364:367:protected void setFontBoldStyle(int)
    376:376:public int getBoldWeight()
    387:390:protected void setFontItalic(boolean)
    399:399:public boolean isItalic()
    410:413:protected void setFontUnderlineStyle(int)
    422:422:public jxl.format.UnderlineStyle getUnderlineStyle()
    433:436:protected void setFontColour(int)
    445:445:public jxl.format.Colour getColour()
    456:459:protected void setFontScriptStyle(int)
    468:468:public jxl.format.ScriptStyle getScriptStyle()
    478:478:public java.lang.String getName()
    533:533:public boolean isStruckout()
    543:544:protected void setFontStruckout(boolean)
jxl.biff.Fonts:
    private static final int numDefaultFonts
    104:112:public void write(jxl.write.biff.File)
    121:179:jxl.biff.IndexMapping rationalize()
jxl.biff.FormatRecord:
    private byte[] data
    109:113:FormatRecord(java.lang.String,int)
    131:138:protected FormatRecord(jxl.biff.FormatRecord)
    209:216:public byte[] getData()
    284:285:protected final void setFormatString(java.lang.String)
    567:567:public int getIndexCode()
    577:577:public java.lang.String getFormatString()
jxl.biff.FormattingRecords:
    private static final int customFormatStartIndex
    private static final int maxFormatRecordsIndex
    private static final int minXFRecords
    282:317:public void write(jxl.write.biff.File)
    338:338:public final jxl.biff.XFRecord getXFRecord(int)
    350:350:protected final int getNumberOfFormatRecords()
    360:360:public jxl.biff.IndexMapping rationalizeFonts()
    378:449:public jxl.biff.IndexMapping rationalize(jxl.biff.IndexMapping,jxl.biff.IndexMapping)
    462:519:public jxl.biff.IndexMapping rationalizeDisplayFormats()
    529:529:public jxl.biff.PaletteRecord getPalette()
    552:557:public void setColourRGB(jxl.format.Colour,int,int,int)
    566:571:public jxl.format.RGB getColourRGB(jxl.format.Colour)
jxl.biff.FormulaData:
    public abstract byte[] getFormulaData()